QuickSort by Values
does 1
jump 1
jumps 1
so 1
very 1
why 1
brown 2
fox 2
high 2
quick 2
the 2
QuickSort by Keys
brown 2
does 1
fox 2
high 2
jump 1
jumps 1
quick 2
so 1
the 2
very 1
why 1
MergeSort by Values
does 1
jump 1
jumps 1
so 1
very 1
why 1
brown 2
fox 2
high 2
quick 2
the 2
MergeSort by Keys
brown 2
does 1
fox 2
high 2
jump 1
jumps 1
quick 2
so 1
the 2
very 1
why 1
HeapSort by Values
does 1
jump 1
jumps 1
so 1
very 1
why 1
brown 2
fox 2
high 2
quick 2
the 2
HeapSort by Keys
brown 2
does 1
fox 2
high 2
jump 1
jumps 1
quick 2
so 1
the 2
very 1
why 1
InsertionSort by Values
does 1
jump 1
jumps 1
so 1
very 1
why 1
brown 2
fox 2
high 2
quick 2
the 2
InsertionSort by Keys
brown 2
does 1
fox 2
high 2
jump 1
jumps 1
quick 2
so 1
the 2
very 1
why 1

